/*C2*/SET SCHEMA PUBLIC
SET SCHEMA PUBLIC
SET SCHEMA PUBLIC
CREATE TABLE CANDIDATE ( ID INTEGER IDENTITY PRIMARY KEY, PHOTO VARBINARY(16777216) NULL, NAME NVARCHAR(255) NULL, SURNAME NVARCHAR(255) NULL, BIRTHDAY DATE NULL, DNI NVARCHAR(255) NULL, PHONE NVARCHAR(255) NULL, EMAIL NVARCHAR(255) NULL, EDUCATION INTEGER NULL, SPECIALTIES NVARCHAR(255) NULL, STATUS INTEGER NULL, ORIGIN INTEGER NULL, WAGE_LEVEL NUMERIC NULL, EXPERIENCE_LEVEL INTEGER NULL, PROFILE INTEGER NULL, COMMENT NVARCHAR(255) NULL, LINKEDIN NVARCHAR(255) NULL )
DISCONNECT
/*C5*/SET SCHEMA PUBLIC
INSERT INTO CANDIDATE VALUES(0,NULL,'Kial','Titlow','1980-05-06','27680562Q','591-499-8814','ktitlowe@telegraph.co.uk',NULL,'HTML5',NULL,NULL,NULL,NULL,NULL,NULL,NULL)
COMMIT
INSERT INTO CANDIDATE VALUES(1,NULL,'Kial','Titlow','1980-05-06','27680562Q','591-499-8814','ktitlowe@telegraph.co.uk',NULL,'HTML5',NULL,NULL,NULL,NULL,NULL,NULL,NULL)
COMMIT
INSERT INTO CANDIDATE VALUES(2,NULL,'Kial','Titlow','1980-05-06','27680562Q','591-499-8814','ktitlowe@telegraph.co.uk',NULL,'HTML5',NULL,NULL,NULL,NULL,NULL,NULL,NULL)
COMMIT
INSERT INTO CANDIDATE VALUES(3,NULL,'Nonnah','Baden','1994-12-24','71958681F','591-646-5605','nbaden0@plala.or.jp',NULL,'Erlang',NULL,NULL,NULL,NULL,NULL,NULL,NULL)
COMMIT
INSERT INTO CANDIDATE VALUES(4,NULL,'Claiborn','Shawell','1989-08-01','28224678K','909-780-3858','cshawell1@chron.com',NULL,'JavaFX',NULL,NULL,NULL,NULL,NULL,NULL,NULL)
COMMIT
INSERT INTO CANDIDATE VALUES(5,NULL,'Anne-marie','Frampton','1985-12-17','48230973L','466-225-8193','aframpton2@addtoany.com',NULL,'Matlab',NULL,NULL,NULL,NULL,NULL,NULL,NULL)
COMMIT
INSERT INTO CANDIDATE VALUES(6,NULL,'Aron','Wiseman','1981-09-08','75760366E','969-405-2922','awiseman3@google.com.br',NULL,'Compliance',NULL,NULL,NULL,NULL,NULL,NULL,NULL)
COMMIT
INSERT INTO CANDIDATE VALUES(7,NULL,'Hyatt','Faircley','1977-05-25','14709704P','375-972-2164','hfaircley4@sbwire.com',NULL,'Haskell',NULL,NULL,45000,NULL,NULL,'nulla pede ullamcorper augue a suscipit nulla elit ac nulla',NULL)
COMMIT
INSERT INTO CANDIDATE VALUES(8,NULL,'Daune','Woolham','1978-06-21','50472212T','675-891-2878','dwoolham5@stanford.edu',NULL,'React',NULL,NULL,NULL,NULL,NULL,NULL,NULL)
COMMIT
INSERT INTO CANDIDATE VALUES(9,NULL,'Kaila','Earwicker','1988-04-26','90445706T','642-759-7346','kearwicker6@sogou.com',NULL,'HTML5',NULL,NULL,23000,NULL,NULL,'ut ultrices vel augue vestibulum ante ipsum primis in faucibus',NULL)
COMMIT
INSERT INTO CANDIDATE VALUES(10,NULL,'Felisha','Rahl','1990-05-28','76140170G','712-914-9094','frahl7@ox.ac.uk',NULL,'Docker',NULL,NULL,NULL,NULL,NULL,NULL,NULL)
COMMIT
INSERT INTO CANDIDATE VALUES(11,NULL,'Charla','Note','1981-11-27','41685146S','284-789-0755','cnote8@cafepress.com',NULL,'MS Office',NULL,NULL,NULL,NULL,NULL,NULL,NULL)
COMMIT
INSERT INTO CANDIDATE VALUES(12,NULL,'Candie','Ibert','1978-09-24','00273718H','299-578-6249','cibert9@apple.com',NULL,'Taxation',NULL,NULL,NULL,NULL,NULL,NULL,NULL)
COMMIT
INSERT INTO CANDIDATE VALUES(13,NULL,'Kelcy','Lathleiffure','1991-04-19','73696168M','890-133-5541','klathleiffurea@miibeian.gov.cn',NULL,'Ruby',NULL,NULL,33500,NULL,NULL,'nulla sed accumsan felis ut at dolor quis odio consequat',NULL)
COMMIT
INSERT INTO CANDIDATE VALUES(14,NULL,'Kaleena','Jonk','1994-09-28','76619635B','956-957-8235','kjonkb@e-recht24.de',NULL,'Design',NULL,NULL,NULL,NULL,NULL,NULL,NULL)
COMMIT
INSERT INTO CANDIDATE VALUES(15,NULL,'Tami','Scorton','1977-09-25','12571372D','599-466-8570','tscortonc@photobucket.com',NULL,'Compliance',NULL,NULL,NULL,NULL,NULL,NULL,NULL)
COMMIT
INSERT INTO CANDIDATE VALUES(16,NULL,'Davin','Frowde','1984-03-06','96529753H','396-303-0612','dfrowded@webs.com',NULL,'React',NULL,NULL,22000,NULL,NULL,'porta volutpat erat quisque erat eros viverra eget congue eget semper',NULL)
COMMIT
INSERT INTO CANDIDATE VALUES(17,NULL,'Kial','Titlow','1980-05-06','27680562Q','591-499-8814','ktitlowe@telegraph.co.uk',NULL,'HTML5',NULL,NULL,NULL,NULL,NULL,NULL,NULL)
COMMIT
/*C3*/SET SCHEMA PUBLIC
DELETE FROM CANDIDATE WHERE ID=1
COMMIT
DELETE FROM CANDIDATE WHERE ID=2
COMMIT
DELETE FROM CANDIDATE WHERE ID=17
COMMIT
/*C6*/SET SCHEMA PUBLIC
INSERT INTO CANDIDATE VALUES(18,NULL,'William','Wilson','1994-12-24','88643946Z','555-444-8888','wwiilsoon@example.org',NULL,'C#',NULL,NULL,NULL,NULL,NULL,NULL,NULL)
COMMIT
DELETE FROM CANDIDATE WHERE ID=18
INSERT INTO CANDIDATE VALUES(18,NULL,'William','Wilson','1994-12-24','88643946Z','555-444-8888','wwilson@example.org',NULL,'C#',NULL,NULL,NULL,NULL,NULL,NULL,NULL)
COMMIT
/*C16*/SET SCHEMA PUBLIC
SET SCHEMA PUBLIC
SET SCHEMA PUBLIC
CREATE TABLE EDUCATION (ID INTEGER IDENTITY PRIMARY KEY NOT NULL, DESCRIPTION NVARCHAR(255) NOT NULL)
CREATE TABLE STATUS(ID INTEGER IDENTITY PRIMARY KEY NOT NULL, DESCRIPTION NVARCHAR(255) NOT NULL)
CREATE TABLE ORIGIN (ID INTEGER IDENTITY PRIMARY KEY NOT NULL, DESCRIPTION NVARCHAR(255) NOT NULL)
CREATE TABLE EXPERIENCE_LEVEL (ID INTEGER IDENTITY PRIMARY KEY NOT NULL, DESCRIPTION NVARCHAR(255) NOT NULL)
CREATE TABLE PROFILE (ID INTEGER IDENTITY PRIMARY KEY NOT NULL, DESCRIPTION NVARCHAR(255) NOT NULL)
ALTER TABLE CANDIDATE ADD CONSTRAINT CANDIDATE_FK_EDUCATION FOREIGN KEY (EDUCATION) REFERENCES EDUCATION(ID)
ALTER TABLE CANDIDATE ADD CONSTRAINT CANDIDATE_FK_STATUS FOREIGN KEY (STATUS) REFERENCES STATUS(ID)
ALTER TABLE CANDIDATE ADD CONSTRAINT CANDIDATE_FK_ORIGIN FOREIGN KEY (ORIGIN) REFERENCES ORIGIN(ID)
ALTER TABLE CANDIDATE ADD CONSTRAINT CANDIDATE_FK_EXPERIENCE_LEVEL FOREIGN KEY (EXPERIENCE_LEVEL) REFERENCES EXPERIENCE_LEVEL(ID)
ALTER TABLE CANDIDATE ADD CONSTRAINT CANDIDATE_FK_PROFILE FOREIGN KEY (PROFILE) REFERENCES PROFILE(ID)
INSERT INTO EDUCATION VALUES(0,'Degree in Computer Science')
COMMIT
INSERT INTO STATUS VALUES(0,'Available')
COMMIT
INSERT INTO ORIGIN VALUES(0,'Recruiter')
COMMIT
INSERT INTO EXPERIENCE_LEVEL VALUES(0,'Junior')
COMMIT
INSERT INTO PROFILE VALUES(0,'Technician')
COMMIT
/*C8*/SET SCHEMA PUBLIC
DISCONNECT
/*C12*/SET SCHEMA PUBLIC
DISCONNECT
/*C15*/SET SCHEMA PUBLIC
DISCONNECT
/*C13*/SET SCHEMA PUBLIC
DISCONNECT
/*C14*/SET SCHEMA PUBLIC
DISCONNECT
/*C6*/DISCONNECT
/*C10*/SET SCHEMA PUBLIC
DISCONNECT
/*C7*/SET SCHEMA PUBLIC
DISCONNECT
/*C9*/SET SCHEMA PUBLIC
DISCONNECT
/*C11*/SET SCHEMA PUBLIC
DISCONNECT
/*C20*/SET SCHEMA PUBLIC
DISCONNECT
/*C24*/SET SCHEMA PUBLIC
DISCONNECT
/*C18*/SET SCHEMA PUBLIC
DISCONNECT
/*C23*/SET SCHEMA PUBLIC
DISCONNECT
/*C19*/SET SCHEMA PUBLIC
DISCONNECT
/*C17*/SET SCHEMA PUBLIC
DISCONNECT
/*C25*/SET SCHEMA PUBLIC
DISCONNECT
/*C21*/SET SCHEMA PUBLIC
DISCONNECT
/*C26*/SET SCHEMA PUBLIC
DISCONNECT
/*C22*/SET SCHEMA PUBLIC
DISCONNECT
